Release 14.1 - xst P.15xf (nt64)
Copyright (c) 1995-2012 Xilinx, Inc.  All rights reserved.
--> Parameter TMPDIR set to xst/projnav.tmp


Total REAL time to Xst completion: 0.00 secs
Total CPU time to Xst completion: 0.10 secs
 
--> Parameter xsthdpdir set to xst


Total REAL time to Xst completion: 0.00 secs
Total CPU time to Xst completion: 0.10 secs
 
--> Reading design: keypad.prj

TABLE OF CONTENTS
  1) Synthesis Options Summary
  2) HDL Compilation
  3) Design Hierarchy Analysis
  4) HDL Analysis
  5) HDL Synthesis
     5.1) HDL Synthesis Report
  6) Advanced HDL Synthesis
     6.1) Advanced HDL Synthesis Report
  7) Low Level Synthesis
  8) Partition Report
  9) Final Report
	9.1) Device utilization summary
	9.2) Partition Resource Summary
	9.3) TIMING REPORT


=========================================================================
*                      Synthesis Options Summary                        *
=========================================================================
---- Source Parameters
Input File Name                    : "keypad.prj"
Input Format                       : mixed
Ignore Synthesis Constraint File   : NO

---- Target Parameters
Output File Name                   : "keypad"
Output Format                      : NGC
Target Device                      : xc3s1000-5-ft256

---- Source Options
Top Module Name                    : keypad
Automatic FSM Extraction           : YES
FSM Encoding Algorithm             : Auto
Safe Implementation                : No
FSM Style                          : LUT
RAM Extraction                     : Yes
RAM Style                          : Auto
ROM Extraction                     : Yes
Mux Style                          : Auto
Decoder Extraction                 : YES
Priority Encoder Extraction        : Yes
Shift Register Extraction          : YES
Logical Shifter Extraction         : YES
XOR Collapsing                     : YES
ROM Style                          : Auto
Mux Extraction                     : Yes
Resource Sharing                   : YES
Asynchronous To Synchronous        : NO
Multiplier Style                   : Auto
Automatic Register Balancing       : No

---- Target Options
Add IO Buffers                     : YES
Global Maximum Fanout              : 100000
Add Generic Clock Buffer(BUFG)     : 8
Register Duplication               : YES
Slice Packing                      : YES
Optimize Instantiated Primitives   : NO
Use Clock Enable                   : Yes
Use Synchronous Set                : Yes
Use Synchronous Reset              : Yes
Pack IO Registers into IOBs        : Auto
Equivalent register Removal        : YES

---- General Options
Optimization Goal                  : Speed
Optimization Effort                : 1
Keep Hierarchy                     : No
Netlist Hierarchy                  : As_Optimized
RTL Output                         : Yes
Global Optimization                : AllClockNets
Read Cores                         : YES
Write Timing Constraints           : NO
Cross Clock Analysis               : NO
Hierarchy Separator                : /
Bus Delimiter                      : <>
Case Specifier                     : Maintain
Slice Utilization Ratio            : 100
BRAM Utilization Ratio             : 100
Verilog 2001                       : YES
Auto BRAM Packing                  : NO
Slice Utilization Ratio Delta      : 5

=========================================================================


=========================================================================
*                          HDL Compilation                              *
=========================================================================
Compiling vhdl file "C:/software/electronica/xilinx/14.1/ISE_DS/EDK/hw/XilinxProcessorIPLib/pcores/proc_common_v3_00_a/hdl/vhdl/proc_common_pkg.vhd" in Library proc_common_v3_00_a.
Architecture proc_common_pkg of Entity proc_common_pkg is up to date.
Compiling vhdl file "C:/software/electronica/xilinx/14.1/ISE_DS/EDK/hw/XilinxProcessorIPLib/pcores/proc_common_v3_00_a/hdl/vhdl/or_muxcy.vhd" in Library proc_common_v3_00_a.
Architecture implementation of Entity or_muxcy is up to date.
Compiling vhdl file "C:/software/electronica/xilinx/14.1/ISE_DS/EDK/hw/XilinxProcessorIPLib/pcores/proc_common_v3_00_a/hdl/vhdl/family_support.vhd" in Library proc_common_v3_00_a.
Architecture family_support of Entity family_support is up to date.
Compiling vhdl file "C:/software/electronica/xilinx/14.1/ISE_DS/EDK/hw/XilinxProcessorIPLib/pcores/proc_common_v3_00_a/hdl/vhdl/counter_f.vhd" in Library proc_common_v3_00_a.
Architecture imp of Entity counter_f is up to date.
Compiling vhdl file "C:/software/electronica/xilinx/14.1/ISE_DS/EDK/hw/XilinxProcessorIPLib/pcores/proc_common_v3_00_a/hdl/vhdl/pselect_f.vhd" in Library proc_common_v3_00_a.
Architecture imp of Entity pselect_f is up to date.
Compiling vhdl file "C:/software/electronica/xilinx/14.1/ISE_DS/EDK/hw/XilinxProcessorIPLib/pcores/proc_common_v3_00_a/hdl/vhdl/or_gate128.vhd" in Library proc_common_v3_00_a.
Architecture imp of Entity or_gate128 is up to date.
Compiling vhdl file "C:/software/electronica/xilinx/14.1/ISE_DS/EDK/hw/XilinxProcessorIPLib/pcores/proc_common_v3_00_a/hdl/vhdl/ipif_pkg.vhd" in Library proc_common_v3_00_a.
Architecture ipif_pkg of Entity ipif_pkg is up to date.
Compiling vhdl file "C:/software/electronica/xilinx/14.1/ISE_DS/EDK/hw/XilinxProcessorIPLib/pcores/plbv46_slave_single_v1_01_a/hdl/vhdl/plb_address_decoder.vhd" in Library plbv46_slave_single_v1_01_a.
Architecture imp of Entity plb_address_decoder is up to date.
Compiling vhdl file "C:/hlocal/Pr5/pcores/keypad_v1_00_a/hdl/vhdl/teclaDetect.vhd" in Library work.
Architecture behavioral of Entity tecladetect is up to date.
Compiling vhdl file "C:/software/electronica/xilinx/14.1/ISE_DS/EDK/hw/XilinxProcessorIPLib/pcores/plbv46_slave_single_v1_01_a/hdl/vhdl/plb_slave_attachment.vhd" in Library plbv46_slave_single_v1_01_a.
Architecture implementation of Entity plb_slave_attachment is up to date.
Compiling vhdl file "C:/software/electronica/xilinx/14.1/ISE_DS/EDK/hw/XilinxProcessorIPLib/pcores/plbv46_slave_single_v1_01_a/hdl/vhdl/plbv46_slave_single.vhd" in Library plbv46_slave_single_v1_01_a.
Architecture implementation of Entity plbv46_slave_single is up to date.
Compiling vhdl file "C:/hlocal/Pr5/pcores/keypad_v1_00_a/hdl/vhdl/user_logic.vhd" in Library keypad_v1_00_a.
Architecture imp of Entity user_logic is up to date.
Compiling vhdl file "C:/hlocal/Pr5/pcores/keypad_v1_00_a/hdl/vhdl/keypad.vhd" in Library keypad_v1_00_a.
Architecture imp of Entity keypad is up to date.

=========================================================================
*                     Design Hierarchy Analysis                         *
=========================================================================
Analyzing hierarchy for entity <keypad> in library <keypad_v1_00_a> (architecture <imp>) with generics.
	C_BASEADDR = "11111111111111111111111111111111"
	C_FAMILY = "virtex6"
	C_HIGHADDR = "00000000000000000000000000000000"
	C_INCLUDE_DPHASE_TIMER = 0
	C_SPLB_AWIDTH = 32
	C_SPLB_CLK_PERIOD_PS = 10000
	C_SPLB_DWIDTH = 128
	C_SPLB_MID_WIDTH = 3
	C_SPLB_NATIVE_DWIDTH = 32
	C_SPLB_NUM_MASTERS = 8
	C_SPLB_P2P = 0
	C_SPLB_SMALLEST_MASTER = 32
	C_SPLB_SUPPORT_BURSTS = 0
WARNING:Xst:821 - "C:/software/electronica/xilinx/14.1/ISE_DS/EDK/hw/XilinxProcessorIPLib/pcores/proc_common_v3_00_a/hdl/vhdl/proc_common_pkg.vhd" line 272: Loop body will iterate zero times

Analyzing hierarchy for entity <plbv46_slave_single> in library <plbv46_slave_single_v1_01_a> (architecture <implementation>) with generics.
	C_ARD_ADDR_RANGE_ARRAY = ("0000000000000000000000000000000011111111111111111111111111111111",
	                          "0000000000000000000000000000000000000000000000000000000000000000")
	C_ARD_NUM_CE_ARRAY = (1)
	C_BUS2CORE_CLK_RATIO = 1
	C_FAMILY = "virtex6"
	C_INCLUDE_DPHASE_TIMER = 0
	C_SIPIF_DWIDTH = 32
	C_SPLB_AWIDTH = 32
	C_SPLB_DWIDTH = 128
	C_SPLB_MID_WIDTH = 3
	C_SPLB_NUM_MASTERS = 8
	C_SPLB_P2P = 0

Analyzing hierarchy for entity <user_logic> in library <keypad_v1_00_a> (architecture <IMP>) with generics.
	C_NUM_REG = 1
	C_SLV_DWIDTH = 32

Analyzing hierarchy for entity <plb_slave_attachment> in library <plbv46_slave_single_v1_01_a> (architecture <implementation>) with generics.
	C_ARD_ADDR_RANGE_ARRAY = ("0000000000000000000000000000000011111111111111111111111111111111",
	                          "0000000000000000000000000000000000000000000000000000000000000000")
	C_ARD_NUM_CE_ARRAY = (1)
	C_BUS2CORE_CLK_RATIO = 1
	C_DPHASE_TIMEOUT = 128
	C_FAMILY = "virtex6"
	C_INCLUDE_DPHASE_TIMER = 0
	C_IPIF_ABUS_WIDTH = 32
	C_IPIF_DBUS_WIDTH = 32
	C_PLB_MID_WIDTH = 3
	C_PLB_NUM_MASTERS = 8
	C_SPLB_P2P = 0

Analyzing hierarchy for entity <teclaDetect> in library <work> (architecture <behavioral>).

Analyzing hierarchy for entity <plb_address_decoder> in library <plbv46_slave_single_v1_01_a> (architecture <IMP>) with generics.
	C_ARD_ADDR_RANGE_ARRAY = ("0000000000000000000000000000000011111111111111111111111111111111",
	                          "0000000000000000000000000000000000000000000000000000000000000000")
	C_ARD_NUM_CE_ARRAY = (1)
	C_BUS_AWIDTH = 32
	C_FAMILY = "nofamily"
	C_SPLB_P2P = 0

Analyzing hierarchy for entity <pselect_f> in library <proc_common_v3_00_a> (architecture <imp>) with generics.
	C_AB = 0
	C_AW = 32
	C_BAR = "11111111111111111111111111111111"
	C_FAMILY = "nofamily"

Analyzing hierarchy for entity <or_gate128> in library <proc_common_v3_00_a> (architecture <imp>) with generics.
	C_BUS_WIDTH = 1
	C_OR_WIDTH = 1
	C_USE_LUT_OR = false

Analyzing hierarchy for entity <or_muxcy> in library <proc_common_v3_00_a> (architecture <implementation>) with generics.
	C_NUM_BITS = 1


=========================================================================
*                            HDL Analysis                               *
=========================================================================
Analyzing generic Entity <keypad> in library <keypad_v1_00_a> (Architecture <imp>).
	C_BASEADDR = "11111111111111111111111111111111"
	C_FAMILY = "virtex6"
	C_HIGHADDR = "00000000000000000000000000000000"
	C_INCLUDE_DPHASE_TIMER = 0
	C_SPLB_AWIDTH = 32
	C_SPLB_CLK_PERIOD_PS = 10000
	C_SPLB_DWIDTH = 128
	C_SPLB_MID_WIDTH = 3
	C_SPLB_NATIVE_DWIDTH = 32
	C_SPLB_NUM_MASTERS = 8
	C_SPLB_P2P = 0
	C_SPLB_SMALLEST_MASTER = 32
	C_SPLB_SUPPORT_BURSTS = 0
WARNING:Xst:37 - Detected unknown constraint/property "SIGIS". This constraint/property is not supported by the current software release and will be ignored.
WARNING:Xst:37 - Detected unknown constraint/property "SIGIS". This constraint/property is not supported by the current software release and will be ignored.
WARNING:Xst:821 - "C:/software/electronica/xilinx/14.1/ISE_DS/EDK/hw/XilinxProcessorIPLib/pcores/proc_common_v3_00_a/hdl/vhdl/proc_common_pkg.vhd" line 272: Loop body will iterate zero times
WARNING:Xst:37 - Detected unknown constraint/property "SIGIS". This constraint/property is not supported by the current software release and will be ignored.
WARNING:Xst:37 - Detected unknown constraint/property "SIGIS". This constraint/property is not supported by the current software release and will be ignored.
Entity <keypad> analyzed. Unit <keypad> generated.

Analyzing generic Entity <plbv46_slave_single> in library <plbv46_slave_single_v1_01_a> (Architecture <implementation>).
	C_ARD_ADDR_RANGE_ARRAY = ("0000000000000000000000000000000011111111111111111111111111111111",
	                          "0000000000000000000000000000000000000000000000000000000000000000")
	C_ARD_NUM_CE_ARRAY = (1)
	C_BUS2CORE_CLK_RATIO = 1
	C_FAMILY = "virtex6"
	C_INCLUDE_DPHASE_TIMER = 0
	C_SIPIF_DWIDTH = 32
	C_SPLB_AWIDTH = 32
	C_SPLB_DWIDTH = 128
	C_SPLB_MID_WIDTH = 3
	C_SPLB_NUM_MASTERS = 8
	C_SPLB_P2P = 0
INFO:Xst:1561 - "C:/software/electronica/xilinx/14.1/ISE_DS/EDK/hw/XilinxProcessorIPLib/pcores/plbv46_slave_single_v1_01_a/hdl/vhdl/plbv46_slave_single.vhd" line 535: Mux is complete : default of case is discarded
Entity <plbv46_slave_single> analyzed. Unit <plbv46_slave_single> generated.

Analyzing generic Entity <plb_slave_attachment> in library <plbv46_slave_single_v1_01_a> (Architecture <implementation>).
	C_ARD_ADDR_RANGE_ARRAY = ("0000000000000000000000000000000011111111111111111111111111111111",
	                          "0000000000000000000000000000000000000000000000000000000000000000")
	C_ARD_NUM_CE_ARRAY = (1)
	C_BUS2CORE_CLK_RATIO = 1
	C_DPHASE_TIMEOUT = 128
	C_FAMILY = "virtex6"
	C_INCLUDE_DPHASE_TIMER = 0
	C_IPIF_ABUS_WIDTH = 32
	C_IPIF_DBUS_WIDTH = 32
	C_PLB_MID_WIDTH = 3
	C_PLB_NUM_MASTERS = 8
	C_SPLB_P2P = 0
Entity <plb_slave_attachment> analyzed. Unit <plb_slave_attachment> generated.

Analyzing generic Entity <plb_address_decoder> in library <plbv46_slave_single_v1_01_a> (Architecture <IMP>).
	C_ARD_ADDR_RANGE_ARRAY = ("0000000000000000000000000000000011111111111111111111111111111111",
	                          "0000000000000000000000000000000000000000000000000000000000000000")
	C_ARD_NUM_CE_ARRAY = (1)
	C_BUS_AWIDTH = 32
	C_FAMILY = "nofamily"
	C_SPLB_P2P = 0
Entity <plb_address_decoder> analyzed. Unit <plb_address_decoder> generated.

Analyzing generic Entity <pselect_f> in library <proc_common_v3_00_a> (Architecture <imp>).
	C_AB = 0
	C_AW = 32
	C_BAR = "11111111111111111111111111111111"
	C_FAMILY = "nofamily"
Entity <pselect_f> analyzed. Unit <pselect_f> generated.

Analyzing generic Entity <or_gate128> in library <proc_common_v3_00_a> (Architecture <imp>).
	C_BUS_WIDTH = 1
	C_OR_WIDTH = 1
	C_USE_LUT_OR = false
Entity <or_gate128> analyzed. Unit <or_gate128> generated.

Analyzing generic Entity <or_muxcy> in library <proc_common_v3_00_a> (Architecture <implementation>).
	C_NUM_BITS = 1
Entity <or_muxcy> analyzed. Unit <or_muxcy> generated.

Analyzing generic Entity <user_logic> in library <keypad_v1_00_a> (Architecture <IMP>).
	C_NUM_REG = 1
	C_SLV_DWIDTH = 32
WARNING:Xst:37 - Detected unknown constraint/property "SIGIS". This constraint/property is not supported by the current software release and will be ignored.
WARNING:Xst:37 - Detected unknown constraint/property "SIGIS". This constraint/property is not supported by the current software release and will be ignored.
Entity <user_logic> analyzed. Unit <user_logic> generated.

Analyzing Entity <teclaDetect> in library <work> (Architecture <behavioral>).
WARNING:Xst:819 - "C:/hlocal/Pr5/pcores/keypad_v1_00_a/hdl/vhdl/teclaDetect.vhd" line 108: One or more signals are missing in the process sensitivity list. To enable synthesis of FPGA/CPLD hardware, XST will assume that all necessary signals are present in the sensitivity list. Please note that the result of the synthesis may differ from the initial design specification. The missing signals are:
   <state>
Entity <teclaDetect> analyzed. Unit <teclaDetect> generated.


=========================================================================
*                           HDL Synthesis                               *
=========================================================================

Performing bidirectional port resolution...

Synthesizing Unit <pselect_f>.
    Related source file is "C:/software/electronica/xilinx/14.1/ISE_DS/EDK/hw/XilinxProcessorIPLib/pcores/proc_common_v3_00_a/hdl/vhdl/pselect_f.vhd".
WARNING:Xst:647 - Input <A> is never used. This port will be preserved and left unconnected if it belongs to a top-level block or it belongs to a sub-block and the hierarchy of this sub-block is preserved.
Unit <pselect_f> synthesized.


Synthesizing Unit <or_muxcy>.
    Related source file is "C:/software/electronica/xilinx/14.1/ISE_DS/EDK/hw/XilinxProcessorIPLib/pcores/proc_common_v3_00_a/hdl/vhdl/or_muxcy.vhd".
Unit <or_muxcy> synthesized.


Synthesizing Unit <teclaDetect>.
    Related source file is "C:/hlocal/Pr5/pcores/keypad_v1_00_a/hdl/vhdl/teclaDetect.vhd".
WARNING:Xst:1780 - Signal <R4sync> is never used or assigned. This unconnected signal will be trimmed during the optimization process.
    Found finite state machine <FSM_0> for signal <state>.
    -----------------------------------------------------------------------
    | States             | 8                                              |
    | Transitions        | 16                                             |
    | Inputs             | 3                                              |
    | Outputs            | 12                                             |
    | Clock              | reloj                     (rising_edge)        |
    | Reset              | reset                     (negative)           |
    | Reset type         | asynchronous                                   |
    | Reset State        | waitingpression                                |
    | Power Up State     | waitingpression                                |
    | Encoding           | automatic                                      |
    | Implementation     | LUT                                            |
    -----------------------------------------------------------------------
    Found 1-bit register for signal <aux1>.
    Found 20-bit up counter for signal <count>.
    Found 1-bit register for signal <ldCode2>.
    Found 8-bit register for signal <regcode>.
    Found 1-bit register for signal <xSync>.
    Summary:
	inferred   1 Finite State Machine(s).
	inferred   1 Counter(s).
	inferred  11 D-type flip-flop(s).
Unit <teclaDetect> synthesized.


Synthesizing Unit <user_logic>.
    Related source file is "C:/hlocal/Pr5/pcores/keypad_v1_00_a/hdl/vhdl/user_logic.vhd".
    Found 4-bit up counter for signal <count>.
    Found 1-bit register for signal <reloj12>.
    Found 32-bit register for signal <slv_reg0>.
    Summary:
	inferred   1 Counter(s).
	inferred  33 D-type flip-flop(s).
Unit <user_logic> synthesized.


Synthesizing Unit <or_gate128>.
    Related source file is "C:/software/electronica/xilinx/14.1/ISE_DS/EDK/hw/XilinxProcessorIPLib/pcores/proc_common_v3_00_a/hdl/vhdl/or_gate128.vhd".
WARNING:Xst:1780 - Signal <test> is never used or assigned. This unconnected signal will be trimmed during the optimization process.
Unit <or_gate128> synthesized.


Synthesizing Unit <plb_address_decoder>.
    Related source file is "C:/software/electronica/xilinx/14.1/ISE_DS/EDK/hw/XilinxProcessorIPLib/pcores/plbv46_slave_single_v1_01_a/hdl/vhdl/plb_address_decoder.vhd".
WARNING:Xst:647 - Input <Bus_RNW_Erly> is never used. This port will be preserved and left unconnected if it belongs to a top-level block or it belongs to a sub-block and the hierarchy of this sub-block is preserved.
WARNING:Xst:647 - Input <Address_In_Erly> is never used. This port will be preserved and left unconnected if it belongs to a top-level block or it belongs to a sub-block and the hierarchy of this sub-block is preserved.
WARNING:Xst:647 - Input <Address_Valid_Erly> is never used. This port will be preserved and left unconnected if it belongs to a top-level block or it belongs to a sub-block and the hierarchy of this sub-block is preserved.
WARNING:Xst:646 - Signal <cs_s_h_clr> is assigned but never used. This unconnected signal will be trimmed during the optimization process.
WARNING:Xst:646 - Signal <cs_ce_clr> is assigned but never used. This unconnected signal will be trimmed during the optimization process.
WARNING:Xst:646 - Signal <addr_out_s_h> is assigned but never used. This unconnected signal will be trimmed during the optimization process.
WARNING:Xst:646 - Signal <addr_match_clr> is assigned but never used. This unconnected signal will be trimmed during the optimization process.
    Found 1-bit register for signal <cs_out_i<0>>.
    Found 1-bit register for signal <cs_out_s_h<0>>.
    Found 1-bit register for signal <decode_hit_reg>.
    Found 1-bit register for signal <rdce_out_i<0>>.
    Found 1-bit register for signal <rnw_s_h>.
    Found 1-bit register for signal <wrce_out_i<0>>.
    Summary:
	inferred   6 D-type flip-flop(s).
Unit <plb_address_decoder> synthesized.


Synthesizing Unit <plb_slave_attachment>.
    Related source file is "C:/software/electronica/xilinx/14.1/ISE_DS/EDK/hw/XilinxProcessorIPLib/pcores/plbv46_slave_single_v1_01_a/hdl/vhdl/plb_slave_attachment.vhd".
WARNING:Xst:647 - Input <PLB_UABus> is never used. This port will be preserved and left unconnected if it belongs to a top-level block or it belongs to a sub-block and the hierarchy of this sub-block is preserved.
WARNING:Xst:1780 - Signal <valid_plb_type> is never used or assigned. This unconnected signal will be trimmed during the optimization process.
WARNING:Xst:1780 - Signal <valid_plb_size> is never used or assigned. This unconnected signal will be trimmed during the optimization process.
WARNING:Xst:646 - Signal <start_data_phase> is assigned but never used. This unconnected signal will be trimmed during the optimization process.
WARNING:Xst:1780 - Signal <sl_wrdack_ns> is never used or assigned. This unconnected signal will be trimmed during the optimization process.
WARNING:Xst:1780 - Signal <sl_wrcomp_ns> is never used or assigned. This unconnected signal will be trimmed during the optimization process.
WARNING:Xst:1780 - Signal <sl_wait_ns> is never used or assigned. This unconnected signal will be trimmed during the optimization process.
WARNING:Xst:1780 - Signal <sl_rddack_ns> is never used or assigned. This unconnected signal will be trimmed during the optimization process.
WARNING:Xst:1780 - Signal <sl_rdcomp_ns> is never used or assigned. This unconnected signal will be trimmed during the optimization process.
WARNING:Xst:1780 - Signal <sl_data_ack> is never used or assigned. This unconnected signal will be trimmed during the optimization process.
WARNING:Xst:1780 - Signal <set_sl_busy_ns> is never used or assigned. This unconnected signal will be trimmed during the optimization process.
WARNING:Xst:1780 - Signal <rd_ce_ld_enable> is never used or assigned. This unconnected signal will be trimmed during the optimization process.
WARNING:Xst:1780 - Signal <clear_sl_rd_busy_ns> is never used or assigned. This unconnected signal will be trimmed during the optimization process.
WARNING:Xst:1780 - Signal <clear_sl_rd_busy> is never used or assigned. This unconnected signal will be trimmed during the optimization process.
WARNING:Xst:1780 - Signal <clear_sl_busy_ns> is never used or assigned. This unconnected signal will be trimmed during the optimization process.
WARNING:Xst:1780 - Signal <clear_rd_ce> is never used or assigned. This unconnected signal will be trimmed during the optimization process.
    Register <sl_rdcomp_i> equivalent to <rd_clear_sl_busy> has been removed
    Register <sl_rddack_i> equivalent to <rd_clear_sl_busy> has been removed
    Register <sl_addrack_i> equivalent to <set_sl_busy> has been removed
    Register <sl_wrdack_i> equivalent to <sl_wrcomp_i> has been removed
    Register <wr_clear_sl_busy> equivalent to <sl_wrcomp_i> has been removed
    Found 1-bit register for signal <addr_cntl_cs<0>>.
    Found 1-bit register for signal <addr_cycle_flush>.
    Found 32-bit register for signal <bus2ip_addr_i>.
    Found 4-bit register for signal <bus2ip_be_i>.
    Found 1-bit register for signal <bus2ip_rnw_i>.
    Found 3-bit register for signal <master_id>.
    Found 32-bit register for signal <plb_abus_reg>.
    Found 4-bit register for signal <plb_be_reg>.
    Found 3-bit register for signal <plb_masterid_reg>.
    Found 1-bit register for signal <plb_pavalid_reg>.
    Found 1-bit register for signal <plb_rnw_reg>.
    Found 4-bit register for signal <plb_size_reg>.
    Found 3-bit register for signal <plb_type_reg>.
    Found 32-bit register for signal <plb_wrdbus_reg>.
    Found 1-bit register for signal <rd_clear_sl_busy>.
    Found 1-bit register for signal <set_sl_busy>.
    Found 1-bit register for signal <sl_busy>.
    Found 8-bit register for signal <sl_mbusy_i>.
    Found 8-bit register for signal <sl_mrderr_i>.
    Found 8-bit register for signal <sl_mwrerr_i>.
    Found 32-bit register for signal <sl_rddbus_i>.
    Found 1-bit register for signal <sl_rearbitrate_i>.
    Found 1-bit register for signal <sl_wrcomp_i>.
    Summary:
	inferred 183 D-type flip-flop(s).
Unit <plb_slave_attachment> synthesized.


Synthesizing Unit <plbv46_slave_single>.
    Related source file is "C:/software/electronica/xilinx/14.1/ISE_DS/EDK/hw/XilinxProcessorIPLib/pcores/plbv46_slave_single_v1_01_a/hdl/vhdl/plbv46_slave_single.vhd".
WARNING:Xst:647 - Input <PLB_wrPrim> is never used. This port will be preserved and left unconnected if it belongs to a top-level block or it belongs to a sub-block and the hierarchy of this sub-block is preserved.
WARNING:Xst:647 - Input <PLB_MSize> is never used. This port will be preserved and left unconnected if it belongs to a top-level block or it belongs to a sub-block and the hierarchy of this sub-block is preserved.
WARNING:Xst:647 - Input <PLB_rdBurst> is never used. This port will be preserved and left unconnected if it belongs to a top-level block or it belongs to a sub-block and the hierarchy of this sub-block is preserved.
WARNING:Xst:647 - Input <PLB_SAValid> is never used. This port will be preserved and left unconnected if it belongs to a top-level block or it belongs to a sub-block and the hierarchy of this sub-block is preserved.
WARNING:Xst:647 - Input <PLB_wrPendReq> is never used. This port will be preserved and left unconnected if it belongs to a top-level block or it belongs to a sub-block and the hierarchy of this sub-block is preserved.
WARNING:Xst:647 - Input <PLB_wrPendPri> is never used. This port will be preserved and left unconnected if it belongs to a top-level block or it belongs to a sub-block and the hierarchy of this sub-block is preserved.
WARNING:Xst:647 - Input <PLB_rdPendReq> is never used. This port will be preserved and left unconnected if it belongs to a top-level block or it belongs to a sub-block and the hierarchy of this sub-block is preserved.
WARNING:Xst:647 - Input <PLB_rdPendPri> is never used. This port will be preserved and left unconnected if it belongs to a top-level block or it belongs to a sub-block and the hierarchy of this sub-block is preserved.
WARNING:Xst:647 - Input <PLB_busLock> is never used. This port will be preserved and left unconnected if it belongs to a top-level block or it belongs to a sub-block and the hierarchy of this sub-block is preserved.
WARNING:Xst:647 - Input <PLB_wrDBus<32:127>> is never used. This port will be preserved and left unconnected if it belongs to a top-level block or it belongs to a sub-block and the hierarchy of this sub-block is preserved.
WARNING:Xst:647 - Input <PLB_reqPri> is never used. This port will be preserved and left unconnected if it belongs to a top-level block or it belongs to a sub-block and the hierarchy of this sub-block is preserved.
WARNING:Xst:647 - Input <PLB_lockErr> is never used. This port will be preserved and left unconnected if it belongs to a top-level block or it belongs to a sub-block and the hierarchy of this sub-block is preserved.
WARNING:Xst:647 - Input <PLB_wrBurst> is never used. This port will be preserved and left unconnected if it belongs to a top-level block or it belongs to a sub-block and the hierarchy of this sub-block is preserved.
WARNING:Xst:647 - Input <PLB_TAttribute> is never used. This port will be preserved and left unconnected if it belongs to a top-level block or it belongs to a sub-block and the hierarchy of this sub-block is preserved.
WARNING:Xst:647 - Input <PLB_rdPrim> is never used. This port will be preserved and left unconnected if it belongs to a top-level block or it belongs to a sub-block and the hierarchy of this sub-block is preserved.
WARNING:Xst:647 - Input <PLB_abort> is never used. This port will be preserved and left unconnected if it belongs to a top-level block or it belongs to a sub-block and the hierarchy of this sub-block is preserved.
    Found 4-bit 4-to-1 multiplexer for signal <plb_be_muxed>.
    Summary:
	inferred   4 Multiplexer(s).
Unit <plbv46_slave_single> synthesized.


Synthesizing Unit <keypad>.
    Related source file is "C:/hlocal/Pr5/pcores/keypad_v1_00_a/hdl/vhdl/keypad.vhd".
WARNING:Xst:646 - Signal <ipif_Bus2IP_RNW> is assigned but never used. This unconnected signal will be trimmed during the optimization process.
WARNING:Xst:646 - Signal <ipif_Bus2IP_CS<0>> is assigned but never used. This unconnected signal will be trimmed during the optimization process.
WARNING:Xst:646 - Signal <ipif_Bus2IP_Addr> is assigned but never used. This unconnected signal will be trimmed during the optimization process.
Unit <keypad> synthesized.


=========================================================================
HDL Synthesis Report

Macro Statistics
# Counters                                             : 2
 20-bit up counter                                     : 1
 4-bit up counter                                      : 1
# Registers                                            : 87
 1-bit register                                        : 76
 3-bit register                                        : 3
 32-bit register                                       : 4
 4-bit register                                        : 3
 8-bit register                                        : 1
# Multiplexers                                         : 1
 4-bit 4-to-1 multiplexer                              : 1

=========================================================================

=========================================================================
*                       Advanced HDL Synthesis                          *
=========================================================================

Analyzing FSM <FSM_0> for best encoding.
Optimizing FSM <USER_LOGIC_I/TeclaDetecInst/state/FSM> on signal <state[1:8]> with one-hot encoding.
----------------------------------
 State                | Encoding
----------------------------------
 waitingpression      | 00000001
 pressiondebouncing   | 00000010
 scancol1             | 00000100
 scancol2             | 00001000
 scancol3             | 00100000
 scancol4             | 01000000
 waitingdepression    | 00010000
 depressiondebouncing | 10000000
----------------------------------
WARNING:Xst:1710 - FF/Latch <regcode_7> (without init value) has a constant value of 0 in block <TeclaDetecInst>. This FF/Latch will be trimmed during the optimization process.
WARNING:Xst:1710 - FF/Latch <sl_mrderr_i_6> (without init value) has a constant value of 0 in block <I_SLAVE_ATTACHMENT>. This FF/Latch will be trimmed during the optimization process.
WARNING:Xst:1710 - FF/Latch <sl_mrderr_i_5> (without init value) has a constant value of 0 in block <I_SLAVE_ATTACHMENT>. This FF/Latch will be trimmed during the optimization process.
WARNING:Xst:1710 - FF/Latch <sl_mrderr_i_7> (without init value) has a constant value of 0 in block <I_SLAVE_ATTACHMENT>. This FF/Latch will be trimmed during the optimization process.
WARNING:Xst:1710 - FF/Latch <sl_mrderr_i_4> (without init value) has a constant value of 0 in block <I_SLAVE_ATTACHMENT>. This FF/Latch will be trimmed during the optimization process.
WARNING:Xst:1710 - FF/Latch <sl_mrderr_i_3> (without init value) has a constant value of 0 in block <I_SLAVE_ATTACHMENT>. This FF/Latch will be trimmed during the optimization process.
WARNING:Xst:1710 - FF/Latch <sl_mrderr_i_1> (without init value) has a constant value of 0 in block <I_SLAVE_ATTACHMENT>. This FF/Latch will be trimmed during the optimization process.
WARNING:Xst:1710 - FF/Latch <sl_mrderr_i_2> (without init value) has a constant value of 0 in block <I_SLAVE_ATTACHMENT>. This FF/Latch will be trimmed during the optimization process.
WARNING:Xst:1710 - FF/Latch <sl_mrderr_i_0> (without init value) has a constant value of 0 in block <I_SLAVE_ATTACHMENT>. This FF/Latch will be trimmed during the optimization process.
WARNING:Xst:1710 - FF/Latch <sl_mwrerr_i_7> (without init value) has a constant value of 0 in block <I_SLAVE_ATTACHMENT>. This FF/Latch will be trimmed during the optimization process.
WARNING:Xst:1710 - FF/Latch <sl_mwrerr_i_6> (without init value) has a constant value of 0 in block <I_SLAVE_ATTACHMENT>. This FF/Latch will be trimmed during the optimization process.
WARNING:Xst:1710 - FF/Latch <sl_mwrerr_i_5> (without init value) has a constant value of 0 in block <I_SLAVE_ATTACHMENT>. This FF/Latch will be trimmed during the optimization process.
WARNING:Xst:1710 - FF/Latch <sl_mwrerr_i_3> (without init value) has a constant value of 0 in block <I_SLAVE_ATTACHMENT>. This FF/Latch will be trimmed during the optimization process.
WARNING:Xst:1710 - FF/Latch <sl_mwrerr_i_4> (without init value) has a constant value of 0 in block <I_SLAVE_ATTACHMENT>. This FF/Latch will be trimmed during the optimization process.
WARNING:Xst:1710 - FF/Latch <sl_mwrerr_i_2> (without init value) has a constant value of 0 in block <I_SLAVE_ATTACHMENT>. This FF/Latch will be trimmed during the optimization process.
WARNING:Xst:1710 - FF/Latch <sl_mwrerr_i_0> (without init value) has a constant value of 0 in block <I_SLAVE_ATTACHMENT>. This FF/Latch will be trimmed during the optimization process.
WARNING:Xst:1710 - FF/Latch <sl_mwrerr_i_1> (without init value) has a constant value of 0 in block <I_SLAVE_ATTACHMENT>. This FF/Latch will be trimmed during the optimization process.
WARNING:Xst:2404 -  FFs/Latches <regcode<7:7>> (without init value) have a constant value of 0 in block <teclaDetect>.

=========================================================================
Advanced HDL Synthesis Report

Macro Statistics
# FSMs                                                 : 1
# Counters                                             : 2
 20-bit up counter                                     : 1
 4-bit up counter                                      : 1
# Registers                                            : 232
 Flip-Flops                                            : 232
# Multiplexers                                         : 1
 4-bit 4-to-1 multiplexer                              : 1

=========================================================================

=========================================================================
*                         Low Level Synthesis                           *
=========================================================================
INFO:Xst:2261 - The FF/Latch <addr_cntl_cs_0> in Unit <plb_slave_attachment> is equivalent to the following FF/Latch, which will be removed : <addr_cycle_flush> 
INFO:Xst:2261 - The FF/Latch <regcode_4> in Unit <teclaDetect> is equivalent to the following FF/Latch, which will be removed : <regcode_5> 

Optimizing unit <keypad> ...

Optimizing unit <teclaDetect> ...

Optimizing unit <user_logic> ...

Optimizing unit <plb_address_decoder> ...

Optimizing unit <plb_slave_attachment> ...
WARNING:Xst:1710 - FF/Latch <PLBV46_SLAVE_SINGLE_I/I_SLAVE_ATTACHMENT/sl_mrderr_i_7> (without init value) has a constant value of 0 in block <keypad>. This FF/Latch will be trimmed during the optimization process.
WARNING:Xst:1895 - Due to other FF/Latch trimming, FF/Latch <PLBV46_SLAVE_SINGLE_I/I_SLAVE_ATTACHMENT/sl_mrderr_i_6> (without init value) has a constant value of 0 in block <keypad>. This FF/Latch will be trimmed during the optimization process.
WARNING:Xst:1895 - Due to other FF/Latch trimming, FF/Latch <PLBV46_SLAVE_SINGLE_I/I_SLAVE_ATTACHMENT/sl_mrderr_i_5> (without init value) has a constant value of 0 in block <keypad>. This FF/Latch will be trimmed during the optimization process.
WARNING:Xst:1895 - Due to other FF/Latch trimming, FF/Latch <PLBV46_SLAVE_SINGLE_I/I_SLAVE_ATTACHMENT/sl_mrderr_i_3> (without init value) has a constant value of 0 in block <keypad>. This FF/Latch will be trimmed during the optimization process.
WARNING:Xst:1895 - Due to other FF/Latch trimming, FF/Latch <PLBV46_SLAVE_SINGLE_I/I_SLAVE_ATTACHMENT/sl_mrderr_i_2> (without init value) has a constant value of 0 in block <keypad>. This FF/Latch will be trimmed during the optimization process.
WARNING:Xst:1895 - Due to other FF/Latch trimming, FF/Latch <PLBV46_SLAVE_SINGLE_I/I_SLAVE_ATTACHMENT/sl_mrderr_i_4> (without init value) has a constant value of 0 in block <keypad>. This FF/Latch will be trimmed during the optimization process.
WARNING:Xst:1895 - Due to other FF/Latch trimming, FF/Latch <PLBV46_SLAVE_SINGLE_I/I_SLAVE_ATTACHMENT/sl_mrderr_i_0> (without init value) has a constant value of 0 in block <keypad>. This FF/Latch will be trimmed during the optimization process.
WARNING:Xst:1895 - Due to other FF/Latch trimming, FF/Latch <PLBV46_SLAVE_SINGLE_I/I_SLAVE_ATTACHMENT/sl_mrderr_i_1> (without init value) has a constant value of 0 in block <keypad>. This FF/Latch will be trimmed during the optimization process.
WARNING:Xst:1895 - Due to other FF/Latch trimming, FF/Latch <PLBV46_SLAVE_SINGLE_I/I_SLAVE_ATTACHMENT/sl_mwrerr_i_7> (without init value) has a constant value of 0 in block <keypad>. This FF/Latch will be trimmed during the optimization process.
WARNING:Xst:1895 - Due to other FF/Latch trimming, FF/Latch <PLBV46_SLAVE_SINGLE_I/I_SLAVE_ATTACHMENT/sl_mwrerr_i_6> (without init value) has a constant value of 0 in block <keypad>. This FF/Latch will be trimmed during the optimization process.
WARNING:Xst:1895 - Due to other FF/Latch trimming, FF/Latch <PLBV46_SLAVE_SINGLE_I/I_SLAVE_ATTACHMENT/sl_mwrerr_i_4> (without init value) has a constant value of 0 in block <keypad>. This FF/Latch will be trimmed during the optimization process.
WARNING:Xst:1895 - Due to other FF/Latch trimming, FF/Latch <PLBV46_SLAVE_SINGLE_I/I_SLAVE_ATTACHMENT/sl_mwrerr_i_5> (without init value) has a constant value of 0 in block <keypad>. This FF/Latch will be trimmed during the optimization process.
WARNING:Xst:1895 - Due to other FF/Latch trimming, FF/Latch <PLBV46_SLAVE_SINGLE_I/I_SLAVE_ATTACHMENT/sl_mwrerr_i_2> (without init value) has a constant value of 0 in block <keypad>. This FF/Latch will be trimmed during the optimization process.
WARNING:Xst:1895 - Due to other FF/Latch trimming, FF/Latch <PLBV46_SLAVE_SINGLE_I/I_SLAVE_ATTACHMENT/sl_mwrerr_i_3> (without init value) has a constant value of 0 in block <keypad>. This FF/Latch will be trimmed during the optimization process.
WARNING:Xst:1895 - Due to other FF/Latch trimming, FF/Latch <PLBV46_SLAVE_SINGLE_I/I_SLAVE_ATTACHMENT/sl_mwrerr_i_1> (without init value) has a constant value of 0 in block <keypad>. This FF/Latch will be trimmed during the optimization process.
WARNING:Xst:1895 - Due to other FF/Latch trimming, FF/Latch <PLBV46_SLAVE_SINGLE_I/I_SLAVE_ATTACHMENT/sl_mwrerr_i_0> (without init value) has a constant value of 0 in block <keypad>. This FF/Latch will be trimmed during the optimization process.
WARNING:Xst:2677 - Node <PLBV46_SLAVE_SINGLE_I/I_SLAVE_ATTACHMENT/I_DECODER/cs_out_s_h_0> of sequential type is unconnected in block <keypad>.
WARNING:Xst:2677 - Node <PLBV46_SLAVE_SINGLE_I/I_SLAVE_ATTACHMENT/I_DECODER/cs_out_i_0> of sequential type is unconnected in block <keypad>.
WARNING:Xst:2677 - Node <PLBV46_SLAVE_SINGLE_I/I_SLAVE_ATTACHMENT/bus2ip_addr_i_0> of sequential type is unconnected in block <keypad>.
WARNING:Xst:2677 - Node <PLBV46_SLAVE_SINGLE_I/I_SLAVE_ATTACHMENT/bus2ip_addr_i_1> of sequential type is unconnected in block <keypad>.
WARNING:Xst:2677 - Node <PLBV46_SLAVE_SINGLE_I/I_SLAVE_ATTACHMENT/bus2ip_addr_i_2> of sequential type is unconnected in block <keypad>.
WARNING:Xst:2677 - Node <PLBV46_SLAVE_SINGLE_I/I_SLAVE_ATTACHMENT/bus2ip_addr_i_3> of sequential type is unconnected in block <keypad>.
WARNING:Xst:2677 - Node <PLBV46_SLAVE_SINGLE_I/I_SLAVE_ATTACHMENT/bus2ip_addr_i_4> of sequential type is unconnected in block <keypad>.
WARNING:Xst:2677 - Node <PLBV46_SLAVE_SINGLE_I/I_SLAVE_ATTACHMENT/bus2ip_addr_i_5> of sequential type is unconnected in block <keypad>.
WARNING:Xst:2677 - Node <PLBV46_SLAVE_SINGLE_I/I_SLAVE_ATTACHMENT/bus2ip_addr_i_6> of sequential type is unconnected in block <keypad>.
WARNING:Xst:2677 - Node <PLBV46_SLAVE_SINGLE_I/I_SLAVE_ATTACHMENT/bus2ip_addr_i_7> of sequential type is unconnected in block <keypad>.
WARNING:Xst:2677 - Node <PLBV46_SLAVE_SINGLE_I/I_SLAVE_ATTACHMENT/bus2ip_addr_i_8> of sequential type is unconnected in block <keypad>.
WARNING:Xst:2677 - Node <PLBV46_SLAVE_SINGLE_I/I_SLAVE_ATTACHMENT/bus2ip_addr_i_9> of sequential type is unconnected in block <keypad>.
WARNING:Xst:2677 - Node <PLBV46_SLAVE_SINGLE_I/I_SLAVE_ATTACHMENT/bus2ip_addr_i_10> of sequential type is unconnected in block <keypad>.
WARNING:Xst:2677 - Node <PLBV46_SLAVE_SINGLE_I/I_SLAVE_ATTACHMENT/bus2ip_addr_i_11> of sequential type is unconnected in block <keypad>.
WARNING:Xst:2677 - Node <PLBV46_SLAVE_SINGLE_I/I_SLAVE_ATTACHMENT/bus2ip_addr_i_12> of sequential type is unconnected in block <keypad>.
WARNING:Xst:2677 - Node <PLBV46_SLAVE_SINGLE_I/I_SLAVE_ATTACHMENT/bus2ip_addr_i_13> of sequential type is unconnected in block <keypad>.
WARNING:Xst:2677 - Node <PLBV46_SLAVE_SINGLE_I/I_SLAVE_ATTACHMENT/bus2ip_addr_i_14> of sequential type is unconnected in block <keypad>.
WARNING:Xst:2677 - Node <PLBV46_SLAVE_SINGLE_I/I_SLAVE_ATTACHMENT/bus2ip_addr_i_15> of sequential type is unconnected in block <keypad>.
WARNING:Xst:2677 - Node <PLBV46_SLAVE_SINGLE_I/I_SLAVE_ATTACHMENT/bus2ip_addr_i_16> of sequential type is unconnected in block <keypad>.
WARNING:Xst:2677 - Node <PLBV46_SLAVE_SINGLE_I/I_SLAVE_ATTACHMENT/bus2ip_addr_i_17> of sequential type is unconnected in block <keypad>.
WARNING:Xst:2677 - Node <PLBV46_SLAVE_SINGLE_I/I_SLAVE_ATTACHMENT/bus2ip_addr_i_18> of sequential type is unconnected in block <keypad>.
WARNING:Xst:2677 - Node <PLBV46_SLAVE_SINGLE_I/I_SLAVE_ATTACHMENT/bus2ip_addr_i_19> of sequential type is unconnected in block <keypad>.
WARNING:Xst:2677 - Node <PLBV46_SLAVE_SINGLE_I/I_SLAVE_ATTACHMENT/bus2ip_addr_i_20> of sequential type is unconnected in block <keypad>.
WARNING:Xst:2677 - Node <PLBV46_SLAVE_SINGLE_I/I_SLAVE_ATTACHMENT/bus2ip_addr_i_21> of sequential type is unconnected in block <keypad>.
WARNING:Xst:2677 - Node <PLBV46_SLAVE_SINGLE_I/I_SLAVE_ATTACHMENT/bus2ip_addr_i_22> of sequential type is unconnected in block <keypad>.
WARNING:Xst:2677 - Node <PLBV46_SLAVE_SINGLE_I/I_SLAVE_ATTACHMENT/bus2ip_addr_i_23> of sequential type is unconnected in block <keypad>.
WARNING:Xst:2677 - Node <PLBV46_SLAVE_SINGLE_I/I_SLAVE_ATTACHMENT/bus2ip_addr_i_24> of sequential type is unconnected in block <keypad>.
WARNING:Xst:2677 - Node <PLBV46_SLAVE_SINGLE_I/I_SLAVE_ATTACHMENT/bus2ip_addr_i_25> of sequential type is unconnected in block <keypad>.
WARNING:Xst:2677 - Node <PLBV46_SLAVE_SINGLE_I/I_SLAVE_ATTACHMENT/bus2ip_addr_i_26> of sequential type is unconnected in block <keypad>.
WARNING:Xst:2677 - Node <PLBV46_SLAVE_SINGLE_I/I_SLAVE_ATTACHMENT/bus2ip_addr_i_27> of sequential type is unconnected in block <keypad>.
WARNING:Xst:2677 - Node <PLBV46_SLAVE_SINGLE_I/I_SLAVE_ATTACHMENT/bus2ip_addr_i_28> of sequential type is unconnected in block <keypad>.
WARNING:Xst:2677 - Node <PLBV46_SLAVE_SINGLE_I/I_SLAVE_ATTACHMENT/bus2ip_addr_i_29> of sequential type is unconnected in block <keypad>.
WARNING:Xst:2677 - Node <PLBV46_SLAVE_SINGLE_I/I_SLAVE_ATTACHMENT/bus2ip_addr_i_30> of sequential type is unconnected in block <keypad>.
WARNING:Xst:2677 - Node <PLBV46_SLAVE_SINGLE_I/I_SLAVE_ATTACHMENT/bus2ip_addr_i_31> of sequential type is unconnected in block <keypad>.
WARNING:Xst:2677 - Node <PLBV46_SLAVE_SINGLE_I/I_SLAVE_ATTACHMENT/bus2ip_rnw_i> of sequential type is unconnected in block <keypad>.
WARNING:Xst:2677 - Node <PLBV46_SLAVE_SINGLE_I/I_SLAVE_ATTACHMENT/plb_abus_reg_0> of sequential type is unconnected in block <keypad>.
WARNING:Xst:2677 - Node <PLBV46_SLAVE_SINGLE_I/I_SLAVE_ATTACHMENT/plb_abus_reg_1> of sequential type is unconnected in block <keypad>.
WARNING:Xst:2677 - Node <PLBV46_SLAVE_SINGLE_I/I_SLAVE_ATTACHMENT/plb_abus_reg_2> of sequential type is unconnected in block <keypad>.
WARNING:Xst:2677 - Node <PLBV46_SLAVE_SINGLE_I/I_SLAVE_ATTACHMENT/plb_abus_reg_3> of sequential type is unconnected in block <keypad>.
WARNING:Xst:2677 - Node <PLBV46_SLAVE_SINGLE_I/I_SLAVE_ATTACHMENT/plb_abus_reg_4> of sequential type is unconnected in block <keypad>.
WARNING:Xst:2677 - Node <PLBV46_SLAVE_SINGLE_I/I_SLAVE_ATTACHMENT/plb_abus_reg_5> of sequential type is unconnected in block <keypad>.
WARNING:Xst:2677 - Node <PLBV46_SLAVE_SINGLE_I/I_SLAVE_ATTACHMENT/plb_abus_reg_6> of sequential type is unconnected in block <keypad>.
WARNING:Xst:2677 - Node <PLBV46_SLAVE_SINGLE_I/I_SLAVE_ATTACHMENT/plb_abus_reg_7> of sequential type is unconnected in block <keypad>.
WARNING:Xst:2677 - Node <PLBV46_SLAVE_SINGLE_I/I_SLAVE_ATTACHMENT/plb_abus_reg_8> of sequential type is unconnected in block <keypad>.
WARNING:Xst:2677 - Node <PLBV46_SLAVE_SINGLE_I/I_SLAVE_ATTACHMENT/plb_abus_reg_9> of sequential type is unconnected in block <keypad>.
WARNING:Xst:2677 - Node <PLBV46_SLAVE_SINGLE_I/I_SLAVE_ATTACHMENT/plb_abus_reg_10> of sequential type is unconnected in block <keypad>.
WARNING:Xst:2677 - Node <PLBV46_SLAVE_SINGLE_I/I_SLAVE_ATTACHMENT/plb_abus_reg_11> of sequential type is unconnected in block <keypad>.
WARNING:Xst:2677 - Node <PLBV46_SLAVE_SINGLE_I/I_SLAVE_ATTACHMENT/plb_abus_reg_12> of sequential type is unconnected in block <keypad>.
WARNING:Xst:2677 - Node <PLBV46_SLAVE_SINGLE_I/I_SLAVE_ATTACHMENT/plb_abus_reg_13> of sequential type is unconnected in block <keypad>.
WARNING:Xst:2677 - Node <PLBV46_SLAVE_SINGLE_I/I_SLAVE_ATTACHMENT/plb_abus_reg_14> of sequential type is unconnected in block <keypad>.
WARNING:Xst:2677 - Node <PLBV46_SLAVE_SINGLE_I/I_SLAVE_ATTACHMENT/plb_abus_reg_15> of sequential type is unconnected in block <keypad>.
WARNING:Xst:2677 - Node <PLBV46_SLAVE_SINGLE_I/I_SLAVE_ATTACHMENT/plb_abus_reg_16> of sequential type is unconnected in block <keypad>.
WARNING:Xst:2677 - Node <PLBV46_SLAVE_SINGLE_I/I_SLAVE_ATTACHMENT/plb_abus_reg_17> of sequential type is unconnected in block <keypad>.
WARNING:Xst:2677 - Node <PLBV46_SLAVE_SINGLE_I/I_SLAVE_ATTACHMENT/plb_abus_reg_18> of sequential type is unconnected in block <keypad>.
WARNING:Xst:2677 - Node <PLBV46_SLAVE_SINGLE_I/I_SLAVE_ATTACHMENT/plb_abus_reg_19> of sequential type is unconnected in block <keypad>.
WARNING:Xst:2677 - Node <PLBV46_SLAVE_SINGLE_I/I_SLAVE_ATTACHMENT/plb_abus_reg_20> of sequential type is unconnected in block <keypad>.
WARNING:Xst:2677 - Node <PLBV46_SLAVE_SINGLE_I/I_SLAVE_ATTACHMENT/plb_abus_reg_21> of sequential type is unconnected in block <keypad>.
WARNING:Xst:2677 - Node <PLBV46_SLAVE_SINGLE_I/I_SLAVE_ATTACHMENT/plb_abus_reg_22> of sequential type is unconnected in block <keypad>.
WARNING:Xst:2677 - Node <PLBV46_SLAVE_SINGLE_I/I_SLAVE_ATTACHMENT/plb_abus_reg_23> of sequential type is unconnected in block <keypad>.
WARNING:Xst:2677 - Node <PLBV46_SLAVE_SINGLE_I/I_SLAVE_ATTACHMENT/plb_abus_reg_24> of sequential type is unconnected in block <keypad>.
WARNING:Xst:2677 - Node <PLBV46_SLAVE_SINGLE_I/I_SLAVE_ATTACHMENT/plb_abus_reg_25> of sequential type is unconnected in block <keypad>.
WARNING:Xst:2677 - Node <PLBV46_SLAVE_SINGLE_I/I_SLAVE_ATTACHMENT/plb_abus_reg_26> of sequential type is unconnected in block <keypad>.
WARNING:Xst:2677 - Node <PLBV46_SLAVE_SINGLE_I/I_SLAVE_ATTACHMENT/plb_abus_reg_27> of sequential type is unconnected in block <keypad>.
WARNING:Xst:2677 - Node <PLBV46_SLAVE_SINGLE_I/I_SLAVE_ATTACHMENT/plb_abus_reg_28> of sequential type is unconnected in block <keypad>.
WARNING:Xst:2677 - Node <PLBV46_SLAVE_SINGLE_I/I_SLAVE_ATTACHMENT/plb_abus_reg_29> of sequential type is unconnected in block <keypad>.
WARNING:Xst:2677 - Node <PLBV46_SLAVE_SINGLE_I/I_SLAVE_ATTACHMENT/plb_abus_reg_30> of sequential type is unconnected in block <keypad>.
WARNING:Xst:2677 - Node <PLBV46_SLAVE_SINGLE_I/I_SLAVE_ATTACHMENT/plb_abus_reg_31> of sequential type is unconnected in block <keypad>.

Mapping all equations...
Building and optimizing final netlist ...
Found area constraint ratio of 100 (+ 5) on block keypad, actual ratio is 1.

Final Macro Processing ...

=========================================================================
Final Register Report

Macro Statistics
# Registers                                            : 179
 Flip-Flops                                            : 179

=========================================================================

=========================================================================
*                           Partition Report                            *
=========================================================================

Partition Implementation Status
-------------------------------

  No Partitions were found in this design.

-------------------------------

=========================================================================
*                            Final Report                               *
=========================================================================
Final Results
RTL Top Level Output File Name     : keypad.ngr
Top Level Output File Name         : keypad
Output Format                      : NGC
Optimization Goal                  : Speed
Keep Hierarchy                     : No

Design Statistics
# IOs                              : 439

Cell Usage :
# BELS                             : 226
#      GND                         : 1
#      INV                         : 1
#      LUT2                        : 64
#      LUT2_D                      : 1
#      LUT2_L                      : 2
#      LUT3                        : 33
#      LUT3_L                      : 1
#      LUT4                        : 66
#      LUT4_D                      : 2
#      LUT4_L                      : 4
#      MUXCY                       : 24
#      MUXF5                       : 6
#      VCC                         : 1
#      XORCY                       : 20
# FlipFlops/Latches                : 179
#      FDC                         : 12
#      FDCE                        : 19
#      FDP                         : 3
#      FDPE                        : 8
#      FDR                         : 86
#      FDRE                        : 51
# Clock Buffers                    : 2
#      BUFG                        : 1
#      BUFGP                       : 1
# IO Buffers                       : 246
#      IBUF                        : 67
#      OBUF                        : 179
=========================================================================

Device utilization summary:
---------------------------

Selected Device : 3s1000ft256-5 

 Number of Slices:                      128  out of   7680     1%  
 Number of Slice Flip Flops:            179  out of  15360     1%  
 Number of 4 input LUTs:                174  out of  15360     1%  
 Number of IOs:                         439
 Number of bonded IOBs:                 247  out of    173   142% (*) 
 Number of GCLKs:                         2  out of      8    25%  

WARNING:Xst:1336 -  (*) More than 100% of Device resources are used

---------------------------
Partition Resource Summary:
---------------------------

  No Partitions were found in this design.

---------------------------


=========================================================================
TIMING REPORT

NOTE: THESE TIMING NUMBERS ARE ONLY A SYNTHESIS ESTIMATE.
      FOR ACCURATE TIMING INFORMATION PLEASE REFER TO THE TRACE REPORT
      GENERATED AFTER PLACE-and-ROUTE.

Clock Information:
------------------
-----------------------------------+------------------------+-------+
Clock Signal                       | Clock buffer(FF name)  | Load  |
-----------------------------------+------------------------+-------+
USER_LOGIC_I/reloj121              | BUFG                   | 37    |
SPLB_Clk                           | BUFGP                  | 142   |
-----------------------------------+------------------------+-------+

Asynchronous Control Signals Information:
----------------------------------------
-----------------------------------+------------------------+-------+
Control Signal                     | Buffer(FF name)        | Load  |
-----------------------------------+------------------------+-------+
SPLB_Rst                           | IBUF                   | 42    |
-----------------------------------+------------------------+-------+

Timing Summary:
---------------
Speed Grade: -5

   Minimum period: 6.134ns (Maximum Frequency: 163.038MHz)
   Minimum input arrival time before clock: 6.033ns
   Maximum output required time after clock: 8.000ns
   Maximum combinational path delay: No path found

Timing Detail:
--------------
All values displayed in nanoseconds (ns)

=========================================================================
Timing constraint: Default period analysis for Clock 'USER_LOGIC_I/reloj121'
  Clock period: 6.134ns (frequency: 163.038MHz)
  Total number of paths / destination ports: 1526 / 62
-------------------------------------------------------------------------
Delay:               6.134ns (Levels of Logic = 7)
  Source:            USER_LOGIC_I/TeclaDetecInst/count_7 (FF)
  Destination:       USER_LOGIC_I/TeclaDetecInst/count_1 (FF)
  Source Clock:      USER_LOGIC_I/reloj121 rising
  Destination Clock: USER_LOGIC_I/reloj121 rising

  Data Path: USER_LOGIC_I/TeclaDetecInst/count_7 to USER_LOGIC_I/TeclaDetecInst/count_1
                                Gate     Net
    Cell:in->out      fanout   Delay   Delay  Logical Name (Net Name)
    ----------------------------------------  ------------
     FDCE:C->Q             2   0.626   1.040  USER_LOGIC_I/TeclaDetecInst/count_7 (USER_LOGIC_I/TeclaDetecInst/count_7)
     LUT4:I0->O            1   0.479   0.000  USER_LOGIC_I/TeclaDetecInst/timerEnd_cmp_eq0000_wg_lut<0> (USER_LOGIC_I/TeclaDetecInst/timerEnd_cmp_eq0000_wg_lut<0>)
     MUXCY:S->O            1   0.435   0.000  USER_LOGIC_I/TeclaDetecInst/timerEnd_cmp_eq0000_wg_cy<0> (USER_LOGIC_I/TeclaDetecInst/timerEnd_cmp_eq0000_wg_cy<0>)
     MUXCY:CI->O           1   0.056   0.000  USER_LOGIC_I/TeclaDetecInst/timerEnd_cmp_eq0000_wg_cy<1> (USER_LOGIC_I/TeclaDetecInst/timerEnd_cmp_eq0000_wg_cy<1>)
     MUXCY:CI->O           1   0.056   0.000  USER_LOGIC_I/TeclaDetecInst/timerEnd_cmp_eq0000_wg_cy<2> (USER_LOGIC_I/TeclaDetecInst/timerEnd_cmp_eq0000_wg_cy<2>)
     MUXCY:CI->O           1   0.056   0.000  USER_LOGIC_I/TeclaDetecInst/timerEnd_cmp_eq0000_wg_cy<3> (USER_LOGIC_I/TeclaDetecInst/timerEnd_cmp_eq0000_wg_cy<3>)
     MUXCY:CI->O           5   0.265   0.806  USER_LOGIC_I/TeclaDetecInst/timerEnd_cmp_eq0000_wg_cy<4> (USER_LOGIC_I/TeclaDetecInst/timerEnd)
     LUT4:I3->O           20   0.479   1.313  USER_LOGIC_I/TeclaDetecInst/count_not00011 (USER_LOGIC_I/TeclaDetecInst/count_not0001)
     FDCE:CE                   0.524          USER_LOGIC_I/TeclaDetecInst/count_1
    ----------------------------------------
    Total                      6.134ns (2.974ns logic, 3.160ns route)
                                       (48.5% logic, 51.5% route)

=========================================================================
Timing constraint: Default period analysis for Clock 'SPLB_Clk'
  Clock period: 5.342ns (frequency: 187.209MHz)
  Total number of paths / destination ports: 382 / 187
-------------------------------------------------------------------------
Delay:               5.342ns (Levels of Logic = 1)
  Source:            PLBV46_SLAVE_SINGLE_I/I_SLAVE_ATTACHMENT/I_DECODER/rdce_out_i_0 (FF)
  Destination:       PLBV46_SLAVE_SINGLE_I/I_SLAVE_ATTACHMENT/sl_rddbus_i_0 (FF)
  Source Clock:      SPLB_Clk rising
  Destination Clock: SPLB_Clk rising

  Data Path: PLBV46_SLAVE_SINGLE_I/I_SLAVE_ATTACHMENT/I_DECODER/rdce_out_i_0 to PLBV46_SLAVE_SINGLE_I/I_SLAVE_ATTACHMENT/sl_rddbus_i_0
                                Gate     Net
    Cell:in->out      fanout   Delay   Delay  Logical Name (Net Name)
    ----------------------------------------  ------------
     FDRE:C->Q            37   0.626   1.769  PLBV46_SLAVE_SINGLE_I/I_SLAVE_ATTACHMENT/I_DECODER/rdce_out_i_0 (PLBV46_SLAVE_SINGLE_I/I_SLAVE_ATTACHMENT/I_DECODER/rdce_out_i_0)
     LUT2:I1->O           32   0.479   1.575  PLBV46_SLAVE_SINGLE_I/I_SLAVE_ATTACHMENT/sl_rddbus_i_or00001 (PLBV46_SLAVE_SINGLE_I/I_SLAVE_ATTACHMENT/sl_rddbus_i_or0000)
     FDR:R                     0.892          PLBV46_SLAVE_SINGLE_I/I_SLAVE_ATTACHMENT/sl_rddbus_i_31
    ----------------------------------------
    Total                      5.342ns (1.997ns logic, 3.345ns route)
                                       (37.4% logic, 62.6% route)

=========================================================================
Timing constraint: Default OFFSET IN BEFORE for Clock 'USER_LOGIC_I/reloj121'
  Total number of paths / destination ports: 98 / 20
-------------------------------------------------------------------------
Offset:              5.956ns (Levels of Logic = 5)
  Source:            R<1> (PAD)
  Destination:       USER_LOGIC_I/TeclaDetecInst/regcode_1 (FF)
  Destination Clock: USER_LOGIC_I/reloj121 rising

  Data Path: R<1> to USER_LOGIC_I/TeclaDetecInst/regcode_1
                                Gate     Net
    Cell:in->out      fanout   Delay   Delay  Logical Name (Net Name)
    ----------------------------------------  ------------
     IBUF:I->O            12   0.715   1.245  R_1_IBUF (R_1_IBUF)
     LUT3:I0->O            2   0.479   1.040  USER_LOGIC_I/TeclaDetecInst/xCode<1>71 (USER_LOGIC_I/TeclaDetecInst/xCode<1>71)
     LUT4_L:I0->LO         1   0.479   0.123  USER_LOGIC_I/TeclaDetecInst/xCode<1>93 (USER_LOGIC_I/TeclaDetecInst/xCode<1>93)
     LUT4:I3->O            1   0.479   0.740  USER_LOGIC_I/TeclaDetecInst/xCode<1>105 (USER_LOGIC_I/TeclaDetecInst/xCode<1>105)
     LUT4:I2->O            1   0.479   0.000  USER_LOGIC_I/TeclaDetecInst/xCode<1>123 (USER_LOGIC_I/TeclaDetecInst/xCode<1>)
     FDCE:D                    0.176          USER_LOGIC_I/TeclaDetecInst/regcode_1
    ----------------------------------------
    Total                      5.956ns (2.807ns logic, 3.149ns route)
                                       (47.1% logic, 52.9% route)

=========================================================================
Timing constraint: Default OFFSET IN BEFORE for Clock 'SPLB_Clk'
  Total number of paths / destination ports: 209 / 185
-------------------------------------------------------------------------
Offset:              6.033ns (Levels of Logic = 2)
  Source:            SPLB_Rst (PAD)
  Destination:       PLBV46_SLAVE_SINGLE_I/I_SLAVE_ATTACHMENT/sl_rddbus_i_0 (FF)
  Destination Clock: SPLB_Clk rising

  Data Path: SPLB_Rst to PLBV46_SLAVE_SINGLE_I/I_SLAVE_ATTACHMENT/sl_rddbus_i_0
                                Gate     Net
    Cell:in->out      fanout   Delay   Delay  Logical Name (Net Name)
    ----------------------------------------  ------------
     IBUF:I->O           135   0.715   2.372  SPLB_Rst_IBUF (SPLB_Rst_IBUF)
     LUT2:I0->O           32   0.479   1.575  PLBV46_SLAVE_SINGLE_I/I_SLAVE_ATTACHMENT/sl_rddbus_i_or00001 (PLBV46_SLAVE_SINGLE_I/I_SLAVE_ATTACHMENT/sl_rddbus_i_or0000)
     FDR:R                     0.892          PLBV46_SLAVE_SINGLE_I/I_SLAVE_ATTACHMENT/sl_rddbus_i_31
    ----------------------------------------
    Total                      6.033ns (2.086ns logic, 3.947ns route)
                                       (34.6% logic, 65.4% route)

=========================================================================
Timing constraint: Default OFFSET OUT AFTER for Clock 'SPLB_Clk'
  Total number of paths / destination ports: 142 / 142
-------------------------------------------------------------------------
Offset:              6.586ns (Levels of Logic = 1)
  Source:            PLBV46_SLAVE_SINGLE_I/I_SLAVE_ATTACHMENT/set_sl_busy (FF)
  Destination:       Sl_addrAck (PAD)
  Source Clock:      SPLB_Clk rising

  Data Path: PLBV46_SLAVE_SINGLE_I/I_SLAVE_ATTACHMENT/set_sl_busy to Sl_addrAck
                                Gate     Net
    Cell:in->out      fanout   Delay   Delay  Logical Name (Net Name)
    ----------------------------------------  ------------
     FDR:C->Q             16   0.626   1.051  PLBV46_SLAVE_SINGLE_I/I_SLAVE_ATTACHMENT/set_sl_busy (PLBV46_SLAVE_SINGLE_I/I_SLAVE_ATTACHMENT/set_sl_busy)
     OBUF:I->O                 4.909          Sl_addrAck_OBUF (Sl_addrAck)
    ----------------------------------------
    Total                      6.586ns (5.535ns logic, 1.051ns route)
                                       (84.0% logic, 16.0% route)

=========================================================================
Timing constraint: Default OFFSET OUT AFTER for Clock 'USER_LOGIC_I/reloj121'
  Total number of paths / destination ports: 12 / 4
-------------------------------------------------------------------------
Offset:              8.000ns (Levels of Logic = 2)
  Source:            USER_LOGIC_I/TeclaDetecInst/state_FSM_FFd6 (FF)
  Destination:       S<2> (PAD)
  Source Clock:      USER_LOGIC_I/reloj121 rising

  Data Path: USER_LOGIC_I/TeclaDetecInst/state_FSM_FFd6 to S<2>
                                Gate     Net
    Cell:in->out      fanout   Delay   Delay  Logical Name (Net Name)
    ----------------------------------------  ------------
     FDC:C->Q             15   0.626   1.305  USER_LOGIC_I/TeclaDetecInst/state_FSM_FFd6 (USER_LOGIC_I/TeclaDetecInst/state_FSM_FFd6)
     LUT3:I0->O            1   0.479   0.681  USER_LOGIC_I/TeclaDetecInst/state_FSM_Out91 (S_2_OBUF)
     OBUF:I->O                 4.909          S_2_OBUF (S<2>)
    ----------------------------------------
    Total                      8.000ns (6.014ns logic, 1.986ns route)
                                       (75.2% logic, 24.8% route)

=========================================================================


Total REAL time to Xst completion: 6.00 secs
Total CPU time to Xst completion: 6.68 secs
 
--> 

Total memory usage is 4631624 kilobytes

Number of errors   :    0 (   0 filtered)
Number of warnings :  156 (   0 filtered)
Number of infos    :    3 (   0 filtered)

